{"C:\\Users\\jota\\Documents\\Developer\\ReactJs\\nlw-return\\server\\src\\use-cases\\submit-feedback-use-case.ts": {"path":"C:\\Users\\jota\\Documents\\Developer\\ReactJs\\nlw-return\\server\\src\\use-cases\\submit-feedback-use-case.ts","all":false,"statementMap":{"0":{"start":{"line":1,"column":0},"end":{"line":1,"column":55}},"1":{"start":{"line":2,"column":0},"end":{"line":2,"column":78}},"2":{"start":{"line":3,"column":0},"end":{"line":3,"column":73}},"3":{"start":{"line":4,"column":0},"end":{"line":4,"column":0}},"4":{"start":{"line":5,"column":0},"end":{"line":5,"column":40}},"5":{"start":{"line":6,"column":0},"end":{"line":6,"column":15}},"6":{"start":{"line":7,"column":0},"end":{"line":7,"column":18}},"7":{"start":{"line":8,"column":0},"end":{"line":8,"column":22}},"8":{"start":{"line":9,"column":0},"end":{"line":9,"column":1}},"9":{"start":{"line":10,"column":0},"end":{"line":10,"column":0}},"10":{"start":{"line":11,"column":0},"end":{"line":11,"column":36}},"11":{"start":{"line":12,"column":0},"end":{"line":12,"column":14}},"12":{"start":{"line":13,"column":0},"end":{"line":13,"column":51}},"13":{"start":{"line":14,"column":0},"end":{"line":14,"column":36}},"14":{"start":{"line":15,"column":0},"end":{"line":15,"column":6}},"15":{"start":{"line":16,"column":0},"end":{"line":16,"column":0}},"16":{"start":{"line":17,"column":0},"end":{"line":17,"column":57}},"17":{"start":{"line":18,"column":0},"end":{"line":18,"column":51}},"18":{"start":{"line":19,"column":0},"end":{"line":19,"column":0}},"19":{"start":{"line":20,"column":0},"end":{"line":20,"column":16}},"20":{"start":{"line":21,"column":0},"end":{"line":21,"column":43}},"21":{"start":{"line":22,"column":0},"end":{"line":22,"column":5}},"22":{"start":{"line":23,"column":0},"end":{"line":23,"column":0}},"23":{"start":{"line":24,"column":0},"end":{"line":24,"column":19}},"24":{"start":{"line":25,"column":0},"end":{"line":25,"column":46}},"25":{"start":{"line":26,"column":0},"end":{"line":26,"column":5}},"26":{"start":{"line":27,"column":0},"end":{"line":27,"column":0}},"27":{"start":{"line":28,"column":0},"end":{"line":28,"column":62}},"28":{"start":{"line":29,"column":0},"end":{"line":29,"column":51}},"29":{"start":{"line":30,"column":0},"end":{"line":30,"column":5}},"30":{"start":{"line":31,"column":0},"end":{"line":31,"column":0}},"31":{"start":{"line":32,"column":0},"end":{"line":32,"column":67}},"32":{"start":{"line":33,"column":0},"end":{"line":33,"column":11}},"33":{"start":{"line":34,"column":0},"end":{"line":34,"column":14}},"34":{"start":{"line":35,"column":0},"end":{"line":35,"column":17}},"35":{"start":{"line":36,"column":0},"end":{"line":36,"column":7}},"36":{"start":{"line":37,"column":0},"end":{"line":37,"column":0}},"37":{"start":{"line":38,"column":0},"end":{"line":38,"column":37}},"38":{"start":{"line":39,"column":0},"end":{"line":39,"column":31}},"39":{"start":{"line":40,"column":0},"end":{"line":40,"column":13}},"40":{"start":{"line":41,"column":0},"end":{"line":41,"column":48}},"41":{"start":{"line":42,"column":0},"end":{"line":42,"column":56}},"42":{"start":{"line":43,"column":0},"end":{"line":43,"column":53}},"43":{"start":{"line":44,"column":0},"end":{"line":44,"column":62}},"44":{"start":{"line":45,"column":0},"end":{"line":45,"column":17}},"45":{"start":{"line":46,"column":0},"end":{"line":46,"column":19}},"46":{"start":{"line":47,"column":0},"end":{"line":47,"column":7}},"47":{"start":{"line":48,"column":0},"end":{"line":48,"column":0}},"48":{"start":{"line":49,"column":0},"end":{"line":49,"column":28}},"49":{"start":{"line":50,"column":0},"end":{"line":50,"column":3}},"50":{"start":{"line":51,"column":0},"end":{"line":51,"column":1}}},"s":{"0":1,"1":1,"2":1,"3":1,"4":1,"5":1,"6":1,"7":1,"8":1,"9":1,"10":1,"11":1,"12":3,"13":3,"14":3,"15":1,"16":1,"17":5,"18":5,"19":5,"20":1,"21":1,"22":4,"23":5,"24":1,"25":1,"26":3,"27":5,"28":1,"29":1,"30":2,"31":2,"32":2,"33":2,"34":2,"35":2,"36":2,"37":2,"38":2,"39":2,"40":2,"41":2,"42":2,"43":2,"44":2,"45":2,"46":2,"47":2,"48":2,"49":2,"50":1},"branchMap":{"0":{"type":"branch","line":17,"loc":{"start":{"line":17,"column":2},"end":{"line":50,"column":3}},"locations":[{"start":{"line":17,"column":2},"end":{"line":50,"column":3}}]},"1":{"type":"branch","line":20,"loc":{"start":{"line":20,"column":15},"end":{"line":22,"column":5}},"locations":[{"start":{"line":20,"column":15},"end":{"line":22,"column":5}}]},"2":{"type":"branch","line":23,"loc":{"start":{"line":23,"column":-2},"end":{"line":24,"column":18}},"locations":[{"start":{"line":23,"column":-2},"end":{"line":24,"column":18}}]},"3":{"type":"branch","line":24,"loc":{"start":{"line":24,"column":18},"end":{"line":26,"column":5}},"locations":[{"start":{"line":24,"column":18},"end":{"line":26,"column":5}}]},"4":{"type":"branch","line":27,"loc":{"start":{"line":27,"column":-2},"end":{"line":28,"column":22}},"locations":[{"start":{"line":27,"column":-2},"end":{"line":28,"column":22}}]},"5":{"type":"branch","line":28,"loc":{"start":{"line":28,"column":18},"end":{"line":28,"column":59}},"locations":[{"start":{"line":28,"column":18},"end":{"line":28,"column":59}}]},"6":{"type":"branch","line":28,"loc":{"start":{"line":28,"column":61},"end":{"line":30,"column":5}},"locations":[{"start":{"line":28,"column":61},"end":{"line":30,"column":5}}]},"7":{"type":"branch","line":31,"loc":{"start":{"line":31,"column":-2},"end":{"line":50,"column":3}},"locations":[{"start":{"line":31,"column":-2},"end":{"line":50,"column":3}}]},"8":{"type":"branch","line":12,"loc":{"start":{"line":12,"column":2},"end":{"line":15,"column":6}},"locations":[{"start":{"line":12,"column":2},"end":{"line":15,"column":6}}]}},"b":{"0":[5],"1":[1],"2":[4],"3":[1],"4":[3],"5":[2],"6":[1],"7":[2],"8":[3]},"fnMap":{"0":{"name":"execute","decl":{"start":{"line":17,"column":2},"end":{"line":50,"column":3}},"loc":{"start":{"line":17,"column":2},"end":{"line":50,"column":3}},"line":17},"1":{"name":"SubmitFeedbackUseCase","decl":{"start":{"line":12,"column":2},"end":{"line":15,"column":6}},"loc":{"start":{"line":12,"column":2},"end":{"line":15,"column":6}},"line":12}},"f":{"0":5,"1":3}}
}
